
> client@0.1.0 build
> react-scripts build ; status=$?; echo EXIT:$status; tail 60 build.log

Creating an optimized production build...
Browserslist: browsers data (caniuse-lite) is 6 months old. Please run:
  npx update-browserslist-db@latest
  Why you should do it regularly: https://github.com/browserslist/update-db#readme
Compiled with warnings.

[eslint] 
src\components\Dashboard.js
  Line 66:6:    React Hook useEffect has a missing dependency: 'fetchPosts'. Either include it or remove the dependency array  react-hooks/exhaustive-deps
  Line 253:25:  img elements must have an alt prop, either with meaningful text, or an empty string for decorative images      jsx-a11y/alt-text

src\components\Profile.js
  Line 20:20:  'setModalTitle' is assigned a value but never used  no-unused-vars
  Line 21:18:  'setUserList' is assigned a value but never used    no-unused-vars

Search for the keywords to learn more about each warning.
To ignore, add // eslint-disable-next-line to the line before.

File sizes after gzip:

  247.19 kB  build\static\js\main.4dc43d8a.js

The project was built assuming it is hosted at /.
You can control this with the homepage field in your package.json.

The build folder is ready to be deployed.
You may serve it with a static server:

  npm install -g serve
  serve -s build

Find out more about deployment here:

  https://cra.link/deployment

